app_workspace/baidu/kuaisan/app/build/outputs/logs/manifest-merger-online_360-debug-report.txt
-- Merging decision tree log ---
manifest
ADDED from src\main\AndroidManifest.xml:2:1-136:12
	package
		ADDED from src\main\AndroidManifest.xml:4:5-33
		INJECTED from src\main\AndroidManifest.xml
		INJECTED from src\main\AndroidManifest.xml
	android:versionName
		INJECTED from src\main\AndroidManifest.xml
		INJECTED from src\main\AndroidManifest.xml
	xmlns:tools
		ADDED from src\main\AndroidManifest.xml:3:5-51
	xmlns:android
		ADDED from src\main\AndroidManifest.xml:2:11-69
	android:versionCode
		INJECTED from src\main\AndroidManifest.xml
		INJECTED from src\main\AndroidManifest.xml
uses-sdk
ADDED from src\main\AndroidManifest.xml:6:5-8:41
MERGED from [com.jakewharton:butterknife:8.7.0] AndroidManifest.xml:5:5-43
MERGED from [com.android.support:design:25.4.0] AndroidManifest.xml:21:5-23:62
MERGED from [com.android.support:transition:25.4.0] AndroidManifest.xml:20:5-44
MERGED from [kuaisan:baselibrary:unspecified] AndroidManifest.xml:7:5-9:41
MERGED from [com.android.support:recyclerview-v7:25.4.0] AndroidManifest.xml:20:5-43
MERGED from [com.android.support:multidex:1.0.2] AndroidManifest.xml:20:5-43
MERGED from [kuaisan:fresco:unspecified] AndroidManifest.xml:7:5-9:41
MERGED from [com.facebook.fresco:fresco:1.3.0] AndroidManifest.xml:5:5-7:41
MERGED from [com.facebook.fresco:drawee:1.3.0] AndroidManifest.xml:5:5-7:41
MERGED from [com.facebook.fresco:imagepipeline:1.3.0] AndroidManifest.xml:5:5-7:41
MERGED from [com.facebook.fresco:imagepipeline-base:1.3.0] AndroidManifest.xml:5:5-7:41
MERGED from [com.facebook.fresco:fbcore:1.3.0] AndroidManifest.xml:5:5-7:41
MERGED from [kuaisan:okhttp:unspecified] AndroidManifest.xml:7:5-9:41
MERGED from [com.android.support:appcompat-v7:25.4.0] AndroidManifest.xml:21:5-23:78
MERGED from [com.android.support:support-v4:25.4.0] AndroidManifest.xml:21:5-23:54
MERGED from [com.android.support:support-fragment:25.4.0] AndroidManifest.xml:21:5-23:60
MERGED from [com.android.support:support-media-compat:25.4.0] AndroidManifest.xml:21:5-23:63
MERGED from [com.android.support:support-core-utils:25.4.0] AndroidManifest.xml:21:5-23:61
MERGED from [com.android.support:animated-vector-drawable:25.4.0] AndroidManifest.xml:20:5-44
MERGED from [com.android.support:support-vector-drawable:25.4.0] AndroidManifest.xml:20:5-43
MERGED from [com.android.support:support-core-ui:25.4.0] AndroidManifest.xml:21:5-23:58
MERGED from [com.android.support:support-compat:25.4.0] AndroidManifest.xml:21:5-23:58
MERGED from [com.android.support.constraint:constraint-layout:1.0.2] AndroidManifest.xml:5:5-7:41
MERGED from [cn.jiguang.sdk:jpush:3.0.9] AndroidManifest.xml:7:5-9:41
MERGED from [cn.jiguang.sdk:jcore:1.1.7] AndroidManifest.xml:7:5-9:41
	tools:overrideLibrary
		ADDED from [com.android.support:design:25.4.0] AndroidManifest.xml:23:9-59
	android:targetSdkVersion
		ADDED from src\main\AndroidManifest.xml:8:9-38
		INJECTED from src\main\AndroidManifest.xml
		INJECTED from src\main\AndroidManifest.xml
	android:minSdkVersion
		ADDED from src\main\AndroidManifest.xml:7:9-34
		INJECTED from src\main\AndroidManifest.xml
		INJECTED from src\main\AndroidManifest.xml
uses-permission#android.permission.INTERNET
ADDED from src\main\AndroidManifest.xml:11:5-67
MERGED from [cn.jiguang.sdk:jpush:3.0.9] AndroidManifest.xml:18:5-67
	android:name
		ADDED from src\main\AndroidManifest.xml:11:22-64
uses-permission#android.permission.ACCESS_NETWORK_STATE
ADDED from src\main\AndroidManifest.xml:12:5-79
MERGED from [cn.jiguang.sdk:jpush:3.0.9] AndroidManifest.xml:26:5-79
	android:name
		ADDED from src\main\AndroidManifest.xml:12:22-76
uses-permission#android.permission.WRITE_EXTERNAL_STORAGE
ADDED from src\main\AndroidManifest.xml:13:5-81
MERGED from [cn.jiguang.sdk:jpush:3.0.9] AndroidManifest.xml:21:5-81
	android:name
		ADDED from src\main\AndroidManifest.xml:13:22-78
uses-permission#android.permission.READ_PHONE_STATE
ADDED from src\main\AndroidManifest.xml:14:5-75
MERGED from [cn.jiguang.sdk:jpush:3.0.9] AndroidManifest.xml:20:5-75
	android:name
		ADDED from src\main\AndroidManifest.xml:14:22-72
uses-permission#android.permission.READ_EXTERNAL_STORAGE
ADDED from src\main\AndroidManifest.xml:15:5-80
MERGED from [cn.jiguang.sdk:jpush:3.0.9] AndroidManifest.xml:22:5-80
	android:name
		ADDED from src\main\AndroidManifest.xml:15:22-77
application
ADDED from src\main\AndroidManifest.xml:18:5-134:19
MERGED from [com.android.support:design:25.4.0] AndroidManifest.xml:25:5-29:19
MERGED from [com.android.support:transition:25.4.0] AndroidManifest.xml:22:5-26:19
MERGED from [kuaisan:baselibrary:unspecified] AndroidManifest.xml:11:5-18:19
MERGED from [com.android.support:recyclerview-v7:25.4.0] AndroidManifest.xml:22:5-26:19
MERGED from [kuaisan:fresco:unspecified] AndroidManifest.xml:11:5-18:19
MERGED from [kuaisan:okhttp:unspecified] AndroidManifest.xml:11:5-18:19
MERGED from [com.android.support:appcompat-v7:25.4.0] AndroidManifest.xml:25:5-29:19
MERGED from [com.android.support:support-v4:25.4.0] AndroidManifest.xml:25:5-29:19
MERGED from [com.android.support:support-fragment:25.4.0] AndroidManifest.xml:25:5-29:19
MERGED from [com.android.support:support-media-compat:25.4.0] AndroidManifest.xml:25:5-29:19
MERGED from [com.android.support:support-core-utils:25.4.0] AndroidManifest.xml:25:5-29:19
MERGED from [com.android.support:animated-vector-drawable:25.4.0] AndroidManifest.xml:22:5-26:19
MERGED from [com.android.support:support-vector-drawable:25.4.0] AndroidManifest.xml:22:5-26:19
MERGED from [com.android.support:support-core-ui:25.4.0] AndroidManifest.xml:25:5-29:19
MERGED from [com.android.support:support-compat:25.4.0] AndroidManifest.xml:25:5-29:19
MERGED from [com.android.support.constraint:constraint-layout:1.0.2] AndroidManifest.xml:9:5-20
MERGED from [cn.jiguang.sdk:jpush:3.0.9] AndroidManifest.xml:37:5-126:19
MERGED from [cn.jiguang.sdk:jcore:1.1.7] AndroidManifest.xml:11:5-12:19
	android:label
		ADDED from src\main\AndroidManifest.xml:22:9-41
		REJECTED from [kuaisan:baselibrary:unspecified] AndroidManifest.xml:14:9-41
		REJECTED from [kuaisan:fresco:unspecified] AndroidManifest.xml:14:9-41
		REJECTED from [kuaisan:okhttp:unspecified] AndroidManifest.xml:14:9-41
	android:supportsRtl
		ADDED from src\main\AndroidManifest.xml:24:9-35
	android:roundIcon
		ADDED from src\main\AndroidManifest.xml:23:9-54
		REJECTED from [kuaisan:baselibrary:unspecified] AndroidManifest.xml:15:9-54
		REJECTED from [kuaisan:fresco:unspecified] AndroidManifest.xml:15:9-54
		REJECTED from [kuaisan:okhttp:unspecified] AndroidManifest.xml:15:9-54
	android:allowBackup
		ADDED from src\main\AndroidManifest.xml:20:9-35
		REJECTED from [kuaisan:baselibrary:unspecified] AndroidManifest.xml:12:9-35
		REJECTED from [kuaisan:fresco:unspecified] AndroidManifest.xml:12:9-35
		REJECTED from [kuaisan:okhttp:unspecified] AndroidManifest.xml:12:9-35
	android:icon
		ADDED from src\main\AndroidManifest.xml:21:9-49
		REJECTED from [kuaisan:baselibrary:unspecified] AndroidManifest.xml:13:9-43
		REJECTED from [kuaisan:fresco:unspecified] AndroidManifest.xml:13:9-43
		REJECTED from [kuaisan:okhttp:unspecified] AndroidManifest.xml:13:9-43
	android:theme
		ADDED from src\main\AndroidManifest.xml:25:9-40
		REJECTED from [kuaisan:baselibrary:unspecified] AndroidManifest.xml:17:9-40
		REJECTED from [kuaisan:fresco:unspecified] AndroidManifest.xml:17:9-40
		REJECTED from [kuaisan:okhttp:unspecified] AndroidManifest.xml:17:9-40
	tools:replace
		ADDED from src\main\AndroidManifest.xml:26:9-76
	android:name
		ADDED from src\main\AndroidManifest.xml:19:9-56
meta-data#UMENG_CHANNEL
ADDED from src\main\AndroidManifest.xml:29:9-31:54
	android:value
		ADDED from src\main\AndroidManifest.xml:31:13-51
		INJECTED from src\main\AndroidManifest.xml
	android:name
		ADDED from src\main\AndroidManifest.xml:30:13-41
activity#com.lxm.ss.kuaisan.ui.splash.SplashActivity
ADDED from src\main\AndroidManifest.xml:33:9-42:20
	android:screenOrientation
		ADDED from src\main\AndroidManifest.xml:35:13-49
	android:theme
		ADDED from src\main\AndroidManifest.xml:36:13-56
	android:name
		ADDED from src\main\AndroidManifest.xml:34:13-71
intent-filter#android.intent.action.MAIN+android.intent.category.LAUNCHER
ADDED from src\main\AndroidManifest.xml:37:13-41:29
action#android.intent.action.MAIN
ADDED from src\main\AndroidManifest.xml:38:17-69
	android:name
		ADDED from src\main\AndroidManifest.xml:38:25-66
category#android.intent.category.LAUNCHER
ADDED from src\main\AndroidManifest.xml:40:17-77
	android:name
		ADDED from src\main\AndroidManifest.xml:40:27-74
activity#com.lxm.ss.kuaisan.ui.main.MainActivity
ADDED from src\main\AndroidManifest.xml:43:9-47:52
	android:screenOrientation
		ADDED from src\main\AndroidManifest.xml:47:13-49
	android:label
		ADDED from src\main\AndroidManifest.xml:45:13-45
	android:launchMode
		ADDED from src\main\AndroidManifest.xml:46:13-44
	android:name
		ADDED from src\main\AndroidManifest.xml:44:13-67
activity#com.lxm.ss.kuaisan.ui.splash.AppGuideActivity
ADDED from src\main\AndroidManifest.xml:48:9-53:59
	android:screenOrientation
		ADDED from src\main\AndroidManifest.xml:52:13-49
	android:label
		ADDED from src\main\AndroidManifest.xml:50:13-61
	android:launchMode
		ADDED from src\main\AndroidManifest.xml:51:13-44
	android:theme
		ADDED from src\main\AndroidManifest.xml:53:13-56
	android:name
		ADDED from src\main\AndroidManifest.xml:49:13-73
activity#com.lxm.ss.kuaisan.ui.web.WebViewActivity
ADDED from src\main\AndroidManifest.xml:54:9-59:59
	android:screenOrientation
		ADDED from src\main\AndroidManifest.xml:58:13-49
	android:label
		ADDED from src\main\AndroidManifest.xml:56:13-60
	android:launchMode
		ADDED from src\main\AndroidManifest.xml:57:13-44
	android:theme
		ADDED from src\main\AndroidManifest.xml:59:13-56
	android:name
		ADDED from src\main\AndroidManifest.xml:55:13-69
activity#com.lxm.ss.kuaisan.ui.main.DetailContentActivity
ADDED from src\main\AndroidManifest.xml:60:9-63:52
	android:screenOrientation
		ADDED from src\main\AndroidManifest.xml:63:13-49
	android:launchMode
		ADDED from src\main\AndroidManifest.xml:62:13-44
	android:name
		ADDED from src\main\AndroidManifest.xml:61:13-76
activity#com.lxm.ss.kuaisan.ui.main.DetailWebViewActivity
ADDED from src\main\AndroidManifest.xml:64:9-67:52
	android:screenOrientation
		ADDED from src\main\AndroidManifest.xml:67:13-49
	android:launchMode
		ADDED from src\main\AndroidManifest.xml:66:13-44
	android:name
		ADDED from src\main\AndroidManifest.xml:65:13-76
activity#com.lxm.ss.kuaisan.ui.setting.SettingActivity
ADDED from src\main\AndroidManifest.xml:68:9-70:52
	android:screenOrientation
		ADDED from src\main\AndroidManifest.xml:70:13-49
	android:name
		ADDED from src\main\AndroidManifest.xml:69:13-73
activity#com.lxm.ss.kuaisan.ui.main.ParseWebViewContentActivity
ADDED from src\main\AndroidManifest.xml:71:9-73:52
	android:screenOrientation
		ADDED from src\main\AndroidManifest.xml:73:13-49
	android:name
		ADDED from src\main\AndroidManifest.xml:72:13-82
activity#com.lxm.ss.kuaisan.ui.main.IntoActivity
ADDED from src\main\AndroidManifest.xml:74:9-76:52
	android:screenOrientation
		ADDED from src\main\AndroidManifest.xml:76:13-49
	android:name
		ADDED from src\main\AndroidManifest.xml:75:13-67
activity#com.lxm.ss.kuaisan.ui.main.DetailParseWebContentActivity
ADDED from src\main\AndroidManifest.xml:77:9-79:52
	android:screenOrientation
		ADDED from src\main\AndroidManifest.xml:79:13-49
	android:name
		ADDED from src\main\AndroidManifest.xml:78:13-84
activity#com.lxm.ss.kuaisan.ui.lottery_infor.NewLotteryActivity
ADDED from src\main\AndroidManifest.xml:80:9-82:52
	android:screenOrientation
		ADDED from src\main\AndroidManifest.xml:82:13-49
	android:name
		ADDED from src\main\AndroidManifest.xml:81:13-82
activity#com.lxm.ss.kuaisan.ui.lottery_infor.LotteryInforDetailActivity
ADDED from src\main\AndroidManifest.xml:83:9-85:52
	android:screenOrientation
		ADDED from src\main\AndroidManifest.xml:85:13-49
	android:name
		ADDED from src\main\AndroidManifest.xml:84:13-90
activity#com.lxm.ss.kuaisan.ui.trailer_infor.pre.TrailerListActivity
ADDED from src\main\AndroidManifest.xml:86:9-88:52
	android:screenOrientation
		ADDED from src\main\AndroidManifest.xml:88:13-49
	android:name
		ADDED from src\main\AndroidManifest.xml:87:13-87
activity#com.lxm.ss.kuaisan.ui.information.InformationListActivity
ADDED from src\main\AndroidManifest.xml:89:9-91:52
	android:screenOrientation
		ADDED from src\main\AndroidManifest.xml:91:13-49
	android:name
		ADDED from src\main\AndroidManifest.xml:90:13-85
activity#com.lxm.ss.kuaisan.ui.more.CommenProblemsActivity
ADDED from src\main\AndroidManifest.xml:94:9-95:51
	android:screenOrientation
		ADDED from src\main\AndroidManifest.xml:95:13-49
	android:name
		ADDED from src\main\AndroidManifest.xml:94:19-83
activity#com.lxm.ss.kuaisan.ui.trailer_infor.pre.TrailerInforListActivity
ADDED from src\main\AndroidManifest.xml:97:9-98:51
	android:screenOrientation
		ADDED from src\main\AndroidManifest.xml:98:13-49
	android:name
		ADDED from src\main\AndroidManifest.xml:97:19-80
activity#com.lxm.ss.kuaisan.ui.trailer_infor.information.InformationListActivity
ADDED from src\main\AndroidManifest.xml:99:9-100:51
	android:screenOrientation
		ADDED from src\main\AndroidManifest.xml:100:13-49
	android:name
		ADDED from src\main\AndroidManifest.xml:99:19-87
activity#com.lxm.ss.kuaisan.ui.trailer_infor.information.InformationDetailListActivity
ADDED from src\main\AndroidManifest.xml:101:9-102:51
	android:screenOrientation
		ADDED from src\main\AndroidManifest.xml:102:13-49
	android:name
		ADDED from src\main\AndroidManifest.xml:101:19-93
receiver#com.lxm.ss.kuaisan.receiver.MyReceiver
ADDED from src\main\AndroidManifest.xml:105:9-117:20
	android:enabled
		ADDED from src\main\AndroidManifest.xml:107:13-35
	android:exported
		ADDED from src\main\AndroidManifest.xml:108:13-37
	android:name
		ADDED from src\main\AndroidManifest.xml:106:13-66
intent-filter#${JPUSH_PKGNAME}+cn.jpush.android.intent.CONNECTION+cn.jpush.android.intent.MESSAGE_RECEIVED+cn.jpush.android.intent.NOTIFICATION_OPENED+cn.jpush.android.intent.NOTIFICATION_RECEIVED+cn.jpush.android.intent.REGISTRATION
ADDED from src\main\AndroidManifest.xml:109:13-116:29
action#cn.jpush.android.intent.REGISTRATION
ADDED from src\main\AndroidManifest.xml:110:17-79
	android:name
		ADDED from src\main\AndroidManifest.xml:110:25-76
action#cn.jpush.android.intent.MESSAGE_RECEIVED
ADDED from src\main\AndroidManifest.xml:111:17-83
	android:name
		ADDED from src\main\AndroidManifest.xml:111:25-80
action#cn.jpush.android.intent.NOTIFICATION_RECEIVED
ADDED from src\main\AndroidManifest.xml:112:17-88
	android:name
		ADDED from src\main\AndroidManifest.xml:112:25-85
action#cn.jpush.android.intent.NOTIFICATION_OPENED
ADDED from src\main\AndroidManifest.xml:113:17-86
	android:name
		ADDED from src\main\AndroidManifest.xml:113:25-83
action#cn.jpush.android.intent.CONNECTION
ADDED from src\main\AndroidManifest.xml:114:17-77
	android:name
		ADDED from src\main\AndroidManifest.xml:114:25-74
category#${JPUSH_PKGNAME}
ADDED from src\main\AndroidManifest.xml:115:17-61
	android:name
		ADDED from src\main\AndroidManifest.xml:115:27-58
		INJECTED from src\main\AndroidManifest.xml
		INJECTED from src\main\AndroidManifest.xml
receiver#com.lxm.ss.kuaisan.receiver.MyJPushMessageReceiver
ADDED from src\main\AndroidManifest.xml:120:9-126:20
	android:name
		ADDED from src\main\AndroidManifest.xml:120:19-84
intent-filter#${JPUSH_PKGNAME}+cn.jpush.android.intent.RECEIVE_MESSAGE
ADDED from src\main\AndroidManifest.xml:121:13-125:29
action#cn.jpush.android.intent.RECEIVE_MESSAGE
ADDED from src\main\AndroidManifest.xml:122:17-82
	android:name
		ADDED from src\main\AndroidManifest.xml:122:25-79
meta-data#android.support.VERSION
ADDED from [com.android.support:design:25.4.0] AndroidManifest.xml:26:9-28:38
MERGED from [com.android.support:transition:25.4.0] AndroidManifest.xml:23:9-25:38
MERGED from [com.android.support:recyclerview-v7:25.4.0] AndroidManifest.xml:23:9-25:38
MERGED from [com.android.support:appcompat-v7:25.4.0] AndroidManifest.xml:26:9-28:38
MERGED from [com.android.support:support-v4:25.4.0] AndroidManifest.xml:26:9-28:38
MERGED from [com.android.support:support-fragment:25.4.0] AndroidManifest.xml:26:9-28:38
MERGED from [com.android.support:support-media-compat:25.4.0] AndroidManifest.xml:26:9-28:38
MERGED from [com.android.support:support-core-utils:25.4.0] AndroidManifest.xml:26:9-28:38
MERGED from [com.android.support:animated-vector-drawable:25.4.0] AndroidManifest.xml:23:9-25:38
MERGED from [com.android.support:support-vector-drawable:25.4.0] AndroidManifest.xml:23:9-25:38
MERGED from [com.android.support:support-core-ui:25.4.0] AndroidManifest.xml:26:9-28:38
MERGED from [com.android.support:support-compat:25.4.0] AndroidManifest.xml:26:9-28:38
	android:value
		ADDED from [com.android.support:design:25.4.0] AndroidManifest.xml:28:13-35
	android:name
		ADDED from [com.android.support:design:25.4.0] AndroidManifest.xml:27:13-51
permission#${JPUSH_PKGNAME}.permission.JPUSH_MESSAGE
ADDED from [cn.jiguang.sdk:jpush:3.0.9] AndroidManifest.xml:11:5-13:47
	android:protectionLevel
		ADDED from [cn.jiguang.sdk:jpush:3.0.9] AndroidManifest.xml:13:9-44
	android:name
		ADDED from [cn.jiguang.sdk:jpush:3.0.9] AndroidManifest.xml:12:9-65
uses-permission#${JPUSH_PKGNAME}.permission.JPUSH_MESSAGE
ADDED from [cn.jiguang.sdk:jpush:3.0.9] AndroidManifest.xml:16:5-81
	android:name
		ADDED from [cn.jiguang.sdk:jpush:3.0.9] AndroidManifest.xml:16:22-78
uses-permission#android.permission.RECEIVE_USER_PRESENT
ADDED from [cn.jiguang.sdk:jpush:3.0.9] AndroidManifest.xml:17:5-79
	android:name
		ADDED from [cn.jiguang.sdk:jpush:3.0.9] AndroidManifest.xml:17:22-76
uses-permission#android.permission.WAKE_LOCK
ADDED from [cn.jiguang.sdk:jpush:3.0.9] AndroidManifest.xml:19:5-68
	android:name
		ADDED from [cn.jiguang.sdk:jpush:3.0.9] AndroidManifest.xml:19:22-65
uses-permission#android.permission.WRITE_SETTINGS
ADDED from [cn.jiguang.sdk:jpush:3.0.9] AndroidManifest.xml:23:5-73
	android:name
		ADDED from [cn.jiguang.sdk:jpush:3.0.9] AndroidManifest.xml:23:22-70
uses-permission#android.permission.VIBRATE
ADDED from [cn.jiguang.sdk:jpush:3.0.9] AndroidManifest.xml:24:5-66
	android:name
		ADDED from [cn.jiguang.sdk:jpush:3.0.9] AndroidManifest.xml:24:22-63
uses-permission#android.permission.MOUNT_UNMOUNT_FILESYSTEMS
ADDED from [cn.jiguang.sdk:jpush:3.0.9] AndroidManifest.xml:25:5-84
	android:name
		ADDED from [cn.jiguang.sdk:jpush:3.0.9] AndroidManifest.xml:25:22-81
uses-permission#android.permission.ACCESS_WIFI_STATE
ADDED from [cn.jiguang.sdk:jpush:3.0.9] AndroidManifest.xml:27:5-76
	android:name
		ADDED from [cn.jiguang.sdk:jpush:3.0.9] AndroidManifest.xml:27:22-73
uses-permission#android.permission.SYSTEM_ALERT_WINDOW
ADDED from [cn.jiguang.sdk:jpush:3.0.9] AndroidManifest.xml:30:5-78
	android:name
		ADDED from [cn.jiguang.sdk:jpush:3.0.9] AndroidManifest.xml:30:22-75
uses-permission#android.permission.ACCESS_COARSE_LOCATION
ADDED from [cn.jiguang.sdk:jpush:3.0.9] AndroidManifest.xml:31:5-81
	android:name
		ADDED from [cn.jiguang.sdk:jpush:3.0.9] AndroidManifest.xml:31:22-78
uses-permission#android.permission.CHANGE_WIFI_STATE
ADDED from [cn.jiguang.sdk:jpush:3.0.9] AndroidManifest.xml:32:5-76
	android:name
		ADDED from [cn.jiguang.sdk:jpush:3.0.9] AndroidManifest.xml:32:22-73
uses-permission#android.permission.ACCESS_FINE_LOCATION
ADDED from [cn.jiguang.sdk:jpush:3.0.9] AndroidManifest.xml:33:5-79
	android:name
		ADDED from [cn.jiguang.sdk:jpush:3.0.9] AndroidManifest.xml:33:22-76
uses-permission#android.permission.ACCESS_LOCATION_EXTRA_COMMANDS
ADDED from [cn.jiguang.sdk:jpush:3.0.9] AndroidManifest.xml:34:5-89
	android:name
		ADDED from [cn.jiguang.sdk:jpush:3.0.9] AndroidManifest.xml:34:22-86
uses-permission#android.permission.CHANGE_NETWORK_STATE
ADDED from [cn.jiguang.sdk:jpush:3.0.9] AndroidManifest.xml:35:5-79
	android:name
		ADDED from [cn.jiguang.sdk:jpush:3.0.9] AndroidManifest.xml:35:22-76
activity#cn.jpush.android.ui.PopWinActivity
ADDED from [cn.jiguang.sdk:jpush:3.0.9] AndroidManifest.xml:40:9-43:52
	android:exported
		ADDED from [cn.jiguang.sdk:jpush:3.0.9] AndroidManifest.xml:42:13-37
	android:theme
		ADDED from [cn.jiguang.sdk:jpush:3.0.9] AndroidManifest.xml:43:13-49
	android:name
		ADDED from [cn.jiguang.sdk:jpush:3.0.9] AndroidManifest.xml:41:13-62
activity#cn.jpush.android.ui.PushActivity
ADDED from [cn.jiguang.sdk:jpush:3.0.9] AndroidManifest.xml:46:9-57:20
	android:exported
		ADDED from [cn.jiguang.sdk:jpush:3.0.9] AndroidManifest.xml:49:13-37
	android:configChanges
		ADDED from [cn.jiguang.sdk:jpush:3.0.9] AndroidManifest.xml:48:13-63
	android:theme
		ADDED from [cn.jiguang.sdk:jpush:3.0.9] AndroidManifest.xml:50:13-60
	android:name
		ADDED from [cn.jiguang.sdk:jpush:3.0.9] AndroidManifest.xml:47:13-60
intent-filter#${JPUSH_PKGNAME}+android.intent.category.DEFAULT+cn.jpush.android.ui.PushActivity
ADDED from [cn.jiguang.sdk:jpush:3.0.9] AndroidManifest.xml:51:13-56:29
action#cn.jpush.android.ui.PushActivity
ADDED from [cn.jiguang.sdk:jpush:3.0.9] AndroidManifest.xml:52:17-75
	android:name
		ADDED from [cn.jiguang.sdk:jpush:3.0.9] AndroidManifest.xml:52:25-72
category#android.intent.category.DEFAULT
ADDED from [cn.jiguang.sdk:jpush:3.0.9] AndroidManifest.xml:54:17-76
	android:name
		ADDED from [cn.jiguang.sdk:jpush:3.0.9] AndroidManifest.xml:54:27-73
service#cn.jpush.android.service.PushService
ADDED from [cn.jiguang.sdk:jpush:3.0.9] AndroidManifest.xml:60:9-71:19
	android:enabled
		ADDED from [cn.jiguang.sdk:jpush:3.0.9] AndroidManifest.xml:62:13-35
	android:process
		ADDED from [cn.jiguang.sdk:jpush:3.0.9] AndroidManifest.xml:64:13-40
	android:exported
		ADDED from [cn.jiguang.sdk:jpush:3.0.9] AndroidManifest.xml:63:13-37
	android:name
		ADDED from [cn.jiguang.sdk:jpush:3.0.9] AndroidManifest.xml:61:13-64
intent-filter#cn.jpush.android.intent.PUSH_TIME+cn.jpush.android.intent.PushService+cn.jpush.android.intent.REGISTER+cn.jpush.android.intent.REPORT
ADDED from [cn.jiguang.sdk:jpush:3.0.9] AndroidManifest.xml:65:13-70:29
action#cn.jpush.android.intent.REGISTER
ADDED from [cn.jiguang.sdk:jpush:3.0.9] AndroidManifest.xml:66:17-75
	android:name
		ADDED from [cn.jiguang.sdk:jpush:3.0.9] AndroidManifest.xml:66:25-72
action#cn.jpush.android.intent.REPORT
ADDED from [cn.jiguang.sdk:jpush:3.0.9] AndroidManifest.xml:67:17-73
	android:name
		ADDED from [cn.jiguang.sdk:jpush:3.0.9] AndroidManifest.xml:67:25-70
action#cn.jpush.android.intent.PushService
ADDED from [cn.jiguang.sdk:jpush:3.0.9] AndroidManifest.xml:68:17-78
	android:name
		ADDED from [cn.jiguang.sdk:jpush:3.0.9] AndroidManifest.xml:68:25-75
action#cn.jpush.android.intent.PUSH_TIME
ADDED from [cn.jiguang.sdk:jpush:3.0.9] AndroidManifest.xml:69:17-76
	android:name
		ADDED from [cn.jiguang.sdk:jpush:3.0.9] AndroidManifest.xml:69:25-73
service#cn.jpush.android.service.DaemonService
ADDED from [cn.jiguang.sdk:jpush:3.0.9] AndroidManifest.xml:75:9-84:19
	android:enabled
		ADDED from [cn.jiguang.sdk:jpush:3.0.9] AndroidManifest.xml:77:13-35
	android:exported
		ADDED from [cn.jiguang.sdk:jpush:3.0.9] AndroidManifest.xml:78:13-36
	android:name
		ADDED from [cn.jiguang.sdk:jpush:3.0.9] AndroidManifest.xml:76:13-66
intent-filter#${JPUSH_PKGNAME}+cn.jpush.android.intent.DaemonService
ADDED from [cn.jiguang.sdk:jpush:3.0.9] AndroidManifest.xml:79:13-83:29
action#cn.jpush.android.intent.DaemonService
ADDED from [cn.jiguang.sdk:jpush:3.0.9] AndroidManifest.xml:80:17-80
	android:name
		ADDED from [cn.jiguang.sdk:jpush:3.0.9] AndroidManifest.xml:80:25-77
receiver#cn.jpush.android.service.PushReceiver
ADDED from [cn.jiguang.sdk:jpush:3.0.9] AndroidManifest.xml:87:9-106:20
	android:enabled
		ADDED from [cn.jiguang.sdk:jpush:3.0.9] AndroidManifest.xml:89:13-35
	android:exported
		ADDED from [cn.jiguang.sdk:jpush:3.0.9] AndroidManifest.xml:90:13-37
	android:name
		ADDED from [cn.jiguang.sdk:jpush:3.0.9] AndroidManifest.xml:88:13-65
intent-filter#${JPUSH_PKGNAME}+cn.jpush.android.intent.NOTIFICATION_RECEIVED_PROXY
ADDED from [cn.jiguang.sdk:jpush:3.0.9] AndroidManifest.xml:91:13-94:29
	android:priority
		ADDED from [cn.jiguang.sdk:jpush:3.0.9] AndroidManifest.xml:91:28-51
action#cn.jpush.android.intent.NOTIFICATION_RECEIVED_PROXY
ADDED from [cn.jiguang.sdk:jpush:3.0.9] AndroidManifest.xml:92:17-94
	android:name
		ADDED from [cn.jiguang.sdk:jpush:3.0.9] AndroidManifest.xml:92:25-91
intent-filter#android.intent.action.USER_PRESENT+android.net.conn.CONNECTIVITY_CHANGE
ADDED from [cn.jiguang.sdk:jpush:3.0.9] AndroidManifest.xml:95:13-98:29
action#android.intent.action.USER_PRESENT
ADDED from [cn.jiguang.sdk:jpush:3.0.9] AndroidManifest.xml:96:17-77
	android:name
		ADDED from [cn.jiguang.sdk:jpush:3.0.9] AndroidManifest.xml:96:25-74
action#android.net.conn.CONNECTIVITY_CHANGE
ADDED from [cn.jiguang.sdk:jpush:3.0.9] AndroidManifest.xml:97:17-79
	android:name
		ADDED from [cn.jiguang.sdk:jpush:3.0.9] AndroidManifest.xml:97:25-76
intent-filter#android.intent.action.PACKAGE_ADDED+android.intent.action.PACKAGE_REMOVED
ADDED from [cn.jiguang.sdk:jpush:3.0.9] AndroidManifest.xml:100:13-105:29
action#android.intent.action.PACKAGE_ADDED
ADDED from [cn.jiguang.sdk:jpush:3.0.9] AndroidManifest.xml:101:17-78
	android:name
		ADDED from [cn.jiguang.sdk:jpush:3.0.9] AndroidManifest.xml:101:25-75
action#android.intent.action.PACKAGE_REMOVED
ADDED from [cn.jiguang.sdk:jpush:3.0.9] AndroidManifest.xml:102:17-80
	android:name
		ADDED from [cn.jiguang.sdk:jpush:3.0.9] AndroidManifest.xml:102:25-77
data
ADDED from [cn.jiguang.sdk:jpush:3.0.9] AndroidManifest.xml:104:17-50
	android:scheme
		ADDED from [cn.jiguang.sdk:jpush:3.0.9] AndroidManifest.xml:104:23-47
receiver#cn.jpush.android.service.AlarmReceiver
ADDED from [cn.jiguang.sdk:jpush:3.0.9] AndroidManifest.xml:109:9-111:40
	android:exported
		ADDED from [cn.jiguang.sdk:jpush:3.0.9] AndroidManifest.xml:111:13-37
	android:name
		ADDED from [cn.jiguang.sdk:jpush:3.0.9] AndroidManifest.xml:110:13-66
provider#cn.jpush.android.service.DataProvider
ADDED from [cn.jiguang.sdk:jpush:3.0.9] AndroidManifest.xml:113:9-116:39
	android:authorities
		ADDED from [cn.jiguang.sdk:jpush:3.0.9] AndroidManifest.xml:115:13-64
	android:exported
		ADDED from [cn.jiguang.sdk:jpush:3.0.9] AndroidManifest.xml:116:13-36
	android:name
		ADDED from [cn.jiguang.sdk:jpush:3.0.9] AndroidManifest.xml:114:13-65
meta-data#JPUSH_CHANNEL
ADDED from [cn.jiguang.sdk:jpush:3.0.9] AndroidManifest.xml:119:9-121:48
	android:value
		ADDED from [cn.jiguang.sdk:jpush:3.0.9] AndroidManifest.xml:121:13-45
	android:name
		ADDED from [cn.jiguang.sdk:jpush:3.0.9] AndroidManifest.xml:120:13-41
meta-data#JPUSH_APPKEY
ADDED from [cn.jiguang.sdk:jpush:3.0.9] AndroidManifest.xml:122:9-124:47
	android:value
		ADDED from [cn.jiguang.sdk:jpush:3.0.9] AndroidManifest.xml:124:13-44
	android:name
		ADDED from [cn.jiguang.sdk:jpush:3.0.9] AndroidManifest.xml:123:13-40